<?xml version="1.0" encoding="UTF-8"?>
<testsuite name="whatap.example.cognitodemo.CognitodemoApplicationTests" tests="1" skipped="0" failures="0" errors="0" timestamp="2024-01-18T07:57:36" hostname="aws-cli" time="0.231">
  <properties/>
  <testcase name="contextLoads()" classname="whatap.example.cognitodemo.CognitodemoApplicationTests" time="0.231"/>
  <system-out><![CDATA[07:57:34.031 [Test worker] DEBUG org.springframework.test.context.BootstrapUtils - Instantiating CacheAwareContextLoaderDelegate from class [org.springframework.test.context.cache.DefaultCacheAwareContextLoaderDelegate]
07:57:34.037 [Test worker] DEBUG org.springframework.test.context.BootstrapUtils - Instantiating BootstrapContext using constructor [public org.springframework.test.context.support.DefaultBootstrapContext(java.lang.Class,org.springframework.test.context.CacheAwareContextLoaderDelegate)]
07:57:34.060 [Test worker] DEBUG org.springframework.test.context.BootstrapUtils - Instantiating TestContextBootstrapper for test class [whatap.example.cognitodemo.CognitodemoApplicationTests] from class [org.springframework.boot.test.context.SpringBootTestContextBootstrapper]
07:57:34.069 [Test worker] INFO org.springframework.boot.test.context.SpringBootTestContextBootstrapper - Neither @ContextConfiguration nor @ContextHierarchy found for test class [whatap.example.cognitodemo.CognitodemoApplicationTests], using SpringBootContextLoader
07:57:34.071 [Test worker] DEBUG org.springframework.test.context.support.AbstractContextLoader - Did not detect default resource location for test class [whatap.example.cognitodemo.CognitodemoApplicationTests]: class path resource [whatap/example/cognitodemo/CognitodemoApplicationTests-context.xml] does not exist
07:57:34.071 [Test worker] DEBUG org.springframework.test.context.support.AbstractContextLoader - Did not detect default resource location for test class [whatap.example.cognitodemo.CognitodemoApplicationTests]: class path resource [whatap/example/cognitodemo/CognitodemoApplicationTestsContext.groovy] does not exist
07:57:34.072 [Test worker] INFO org.springframework.test.context.support.AbstractContextLoader - Could not detect default resource locations for test class [whatap.example.cognitodemo.CognitodemoApplicationTests]: no resource found for suffixes {-context.xml, Context.groovy}.
07:57:34.072 [Test worker] INFO org.springframework.test.context.support.AnnotationConfigContextLoaderUtils - Could not detect default configuration classes for test class [whatap.example.cognitodemo.CognitodemoApplicationTests]: CognitodemoApplicationTests does not declare any static, non-private, non-final, nested classes annotated with @Configuration.
07:57:34.096 [Test worker] DEBUG org.springframework.test.context.support.ActiveProfilesUtils - Could not find an 'annotation declaring class' for annotation type [org.springframework.test.context.ActiveProfiles] and class [whatap.example.cognitodemo.CognitodemoApplicationTests]
07:57:34.143 [Test worker] DEBUG org.springframework.context.annotation.ClassPathScanningCandidateComponentProvider - Identified candidate component class: file [/root/CognitoExample/build/classes/java/main/whatap/example/cognitodemo/CognitodemoApplication.class]
07:57:34.148 [Test worker] INFO org.springframework.boot.test.context.SpringBootTestContextBootstrapper - Found @SpringBootConfiguration whatap.example.cognitodemo.CognitodemoApplication for test class whatap.example.cognitodemo.CognitodemoApplicationTests
07:57:34.203 [Test worker] DEBUG org.springframework.boot.test.context.SpringBootTestContextBootstrapper - @TestExecutionListeners is not present for class [whatap.example.cognitodemo.CognitodemoApplicationTests]: using defaults.
07:57:34.203 [Test worker] INFO org.springframework.boot.test.context.SpringBootTestContextBootstrapper - Loaded default TestExecutionListener class names from location [META-INF/spring.factories]: [org.springframework.security.test.context.support.WithSecurityContextTestExecutionListener, org.springframework.security.test.context.support.ReactorContextTestExecutionListener, org.springframework.boot.test.autoconfigure.restdocs.RestDocsTestExecutionListener, org.springframework.boot.test.autoconfigure.web.client.MockRestServiceServerResetTestExecutionListener, org.springframework.boot.test.autoconfigure.web.servlet.MockMvcPrintOnlyOnFailureTestExecutionListener, org.springframework.boot.test.autoconfigure.web.servlet.WebDriverTestExecutionListener, org.springframework.boot.test.autoconfigure.webservices.client.MockWebServiceServerTestExecutionListener, org.springframework.boot.test.mock.mockito.MockitoTestExecutionListener, org.springframework.boot.test.mock.mockito.ResetMocksTestExecutionListener, org.springframework.test.context.web.ServletTestExecutionListener, org.springframework.test.context.support.DirtiesContextBeforeModesTestExecutionListener, org.springframework.test.context.event.ApplicationEventsTestExecutionListener, org.springframework.test.context.support.DependencyInjectionTestExecutionListener, org.springframework.test.context.support.DirtiesContextTestExecutionListener, org.springframework.test.context.transaction.TransactionalTestExecutionListener, org.springframework.test.context.jdbc.SqlScriptsTestExecutionListener, org.springframework.test.context.event.EventPublishingTestExecutionListener]
07:57:34.210 [Test worker] DEBUG org.springframework.boot.test.context.SpringBootTestContextBootstrapper - Skipping candidate TestExecutionListener [org.springframework.test.context.transaction.TransactionalTestExecutionListener] due to a missing dependency. Specify custom listener classes or make the default listener classes and their required dependencies available. Offending class: [org/springframework/transaction/interceptor/TransactionAttributeSource]
07:57:34.210 [Test worker] DEBUG org.springframework.boot.test.context.SpringBootTestContextBootstrapper - Skipping candidate TestExecutionListener [org.springframework.test.context.jdbc.SqlScriptsTestExecutionListener] due to a missing dependency. Specify custom listener classes or make the default listener classes and their required dependencies available. Offending class: [org/springframework/transaction/interceptor/TransactionAttribute]
07:57:34.211 [Test worker] INFO org.springframework.boot.test.context.SpringBootTestContextBootstrapper - Using TestExecutionListeners: [org.springframework.test.context.web.ServletTestExecutionListener@609640d5, org.springframework.test.context.support.DirtiesContextBeforeModesTestExecutionListener@79da1ec0, org.springframework.test.context.event.ApplicationEventsTestExecutionListener@19fb8826, org.springframework.boot.test.mock.mockito.MockitoTestExecutionListener@192d74fb, org.springframework.boot.test.autoconfigure.SpringBootDependencyInjectionTestExecutionListener@4bef0fe3, org.springframework.test.context.support.DirtiesContextTestExecutionListener@62ea3440, org.springframework.security.test.context.support.WithSecurityContextTestExecutionListener@27953a83, org.springframework.test.context.event.EventPublishingTestExecutionListener@556d0826, org.springframework.security.test.context.support.ReactorContextTestExecutionListener@66ce957f, org.springframework.boot.test.autoconfigure.restdocs.RestDocsTestExecutionListener@55b5f5d2, org.springframework.boot.test.autoconfigure.web.client.MockRestServiceServerResetTestExecutionListener@5bfa8cc5, org.springframework.boot.test.autoconfigure.web.servlet.MockMvcPrintOnlyOnFailureTestExecutionListener@666b83a4, org.springframework.boot.test.autoconfigure.web.servlet.WebDriverTestExecutionListener@749c877b, org.springframework.boot.test.autoconfigure.webservices.client.MockWebServiceServerTestExecutionListener@efde75f, org.springframework.boot.test.mock.mockito.ResetMocksTestExecutionListener@16ecee1]
07:57:34.214 [Test worker] DEBUG org.springframework.test.context.support.AbstractDirtiesContextTestExecutionListener - Before test class: context [DefaultTestContext@2ece4966 testClass = CognitodemoApplicationTests, testInstance = [null], testMethod = [null], testException = [null], mergedContextConfiguration = [WebMergedContextConfiguration@1dd0e7c4 testClass = CognitodemoApplicationTests, locations = '{}', classes = '{class whatap.example.cognitodemo.CognitodemoApplication}', contextInitializerClasses = '[]', activeProfiles = '{}', propertySourceLocations = '{}', propertySourceProperties = '{org.springframework.boot.test.context.SpringBootTestContextBootstrapper=true}', contextCustomizers = set[org.springframework.boot.test.autoconfigure.actuate.metrics.MetricsExportContextCustomizerFactory$DisableMetricExportContextCustomizer@1583741e, org.springframework.boot.test.autoconfigure.properties.PropertyMappingContextCustomizer@0, org.springframework.boot.test.autoconfigure.web.servlet.WebDriverContextCustomizerFactory$Customizer@4f3bbf68, org.springframework.boot.test.context.filter.ExcludeFilterContextCustomizer@2421cc4, org.springframework.boot.test.json.DuplicateJsonObjectContextCustomizerFactory$DuplicateJsonObjectContextCustomizer@58ce9668, org.springframework.boot.test.mock.mockito.MockitoContextCustomizer@0, org.springframework.boot.test.web.client.TestRestTemplateContextCustomizer@7a55af6b, org.springframework.boot.test.context.SpringBootTestArgs@1, org.springframework.boot.test.context.SpringBootTestWebEnvironment@58ea606c], resourceBasePath = 'src/main/webapp', contextLoader = 'org.springframework.boot.test.context.SpringBootContextLoader', parent = [null]], attributes = map['org.springframework.test.context.web.ServletTestExecutionListener.activateListener' -> true]], class annotated with @DirtiesContext [false] with mode [null].

  .   ____          _            __ _ _
 /\\ / ___'_ __ _ _(_)_ __  __ _ \ \ \ \
( ( )\___ | '_ | '_| | '_ \/ _` | \ \ \ \
 \\/  ___)| |_)| | | | | || (_| |  ) ) ) )
  '  |____| .__|_| |_|_| |_\__, | / / / /
 =========|_|==============|___/=/_/_/_/
 :: Spring Boot ::                (v2.7.5)

2024-01-18 07:57:34.561  INFO 2708 --- [    Test worker] w.e.c.CognitodemoApplicationTests        : Starting CognitodemoApplicationTests using Java 11.0.21 on aws-cli with PID 2708 (started by root in /root/CognitoExample)
2024-01-18 07:57:34.565  INFO 2708 --- [    Test worker] w.e.c.CognitodemoApplicationTests        : No active profile set, falling back to 1 default profile: "default"
2024-01-18 07:57:35.871  INFO 2708 --- [    Test worker] o.s.s.web.DefaultSecurityFilterChain     : Will secure any request with [org.springframework.security.web.session.DisableEncodeUrlFilter@13ed066e, org.springframework.security.web.context.request.async.WebAsyncManagerIntegrationFilter@4d705112, org.springframework.security.web.context.SecurityContextPersistenceFilter@606a1bc4, org.springframework.security.web.header.HeaderWriterFilter@9687f55, org.springframework.security.web.csrf.CsrfFilter@691500ab, org.springframework.security.web.authentication.logout.LogoutFilter@4fc165f6, org.springframework.security.oauth2.client.web.OAuth2AuthorizationRequestRedirectFilter@4bb147ec, org.springframework.security.oauth2.client.web.OAuth2LoginAuthenticationFilter@59a2388e, org.springframework.security.web.authentication.ui.DefaultLoginPageGeneratingFilter@3cdc7b09, org.springframework.security.web.authentication.ui.DefaultLogoutPageGeneratingFilter@590765c4, org.springframework.security.web.savedrequest.RequestCacheAwareFilter@15fb4566, org.springframework.security.web.servletapi.SecurityContextHolderAwareRequestFilter@25ffd826, org.springframework.security.web.authentication.AnonymousAuthenticationFilter@19489b27, org.springframework.security.web.session.SessionManagementFilter@6babffb5, org.springframework.security.web.access.ExceptionTranslationFilter@72543547, org.springframework.security.web.access.intercept.FilterSecurityInterceptor@390037e7]
2024-01-18 07:57:36.120  INFO 2708 --- [    Test worker] w.e.c.CognitodemoApplicationTests        : Started CognitodemoApplicationTests in 1.868 seconds (JVM running for 2.809)
]]></system-out>
  <system-err><![CDATA[]]></system-err>
</testsuite>
